<?xml version="1.0" encoding="UTF-8"?>
<testsuite xmlns:xsi="http://www.w3.org/2001/XMLSchema-instance" xsi:noNamespaceSchemaLocation="https://maven.apache.org/surefire/maven-surefire-plugin/xsd/surefire-test-report.xsd" version="3.0.2" name="com.hotel.service.impl.ManagerRoomServiceImplTest" time="0.032" tests="15" errors="0" skipped="0" failures="0">
  <properties>
[...]
</properties>
  <testcase name="dailyRateOverridesTheRoomTypeBasePrice" classname="com.hotel.service.impl.ManagerRoomServiceImplTest" time="0.009"/>
  <testcase name="roomCreationKeepsOperationalAndCleaningStatusesSeparate" classname="com.hotel.service.impl.ManagerRoomServiceImplTest" time="0.003"/>
  <testcase name="amenitiesCanBeAttachedAndDetachedWhenRoomTypeIsUpdated" classname="com.hotel.service.impl.ManagerRoomServiceImplTest" time="0.001"/>
  <testcase name="duplicateRoomTypeCodeIsRejected" classname="com.hotel.service.impl.ManagerRoomServiceImplTest" time="0.001"/>
  <testcase name="inactiveRoomTypeCannotBeAssignedWhenRoomIsUpdated" classname="com.hotel.service.impl.ManagerRoomServiceImplTest" time="0.003"/>
  <testcase name="invalidCapacityAndPriceAreRejected" classname="com.hotel.service.impl.ManagerRoomServiceImplTest" time="0.001"/>
  <testcase name="roomDetailsCanBeUpdatedWithoutChangingCleaningStatus" classname="com.hotel.service.impl.ManagerRoomServiceImplTest" time="0.0"/>
  <testcase name="inactiveRoomTypeCannotBeUsedForNewRoom" classname="com.hotel.service.impl.ManagerRoomServiceImplTest" time="0.001"/>
  <testcase name="existingDailyRatesAreOverwrittenAcrossTheSelectedRange" classname="com.hotel.service.impl.ManagerRoomServiceImplTest" time="0.003"/>
  <testcase name="newlyCreatedRoomTypeStartsInactive" classname="com.hotel.service.impl.ManagerRoomServiceImplTest" time="0.001"/>
  <testcase name="roomTypeCanBeActivatedAfterCreation" classname="com.hotel.service.impl.ManagerRoomServiceImplTest" time="0.0"/>
  <testcase name="deactivatingRoomTypeSuspendsFreeRoomsButKeepsOccupiedRooms" classname="com.hotel.service.impl.ManagerRoomServiceImplTest" time="0.0"/>
  <testcase name="valuesLongerThanDatabaseColumnsAreRejectedBeforePersistence" classname="com.hotel.service.impl.ManagerRoomServiceImplTest" time="0.0"/>
  <testcase name="roomRatesArePaginatedAtRequestedPageSize" classname="com.hotel.service.impl.ManagerRoomServiceImplTest" time="0.002"/>
  <testcase name="operationalStatusCanChangeWithoutChangingCleaningStatus" classname="com.hotel.service.impl.ManagerRoomServiceImplTest" time="0.001"/>
</testsuite>